<?xml version='1.0' encoding='UTF-8'?>
<testsuite hostname="Saber" name="fileSearcher.MatcherTests" tests="4" errors="0" failures="0" time="0.018">
                     <properties>
[...]
</properties>
                     <testcase classname="fileSearcher.MatcherTests" name="Matcher that is passed a file matching the filter should return a list with that file name" time="0.016">
                                                 
                                               </testcase><testcase classname="fileSearcher.MatcherTests" name="Matcher using a directory containing one file matching the filter should return a list with that file name" time="0.001">
                                                 
                                               </testcase><testcase classname="fileSearcher.MatcherTests" name="Matcher that is not passed a root file location should use the current location" time="0.001">
                                                 
                                               </testcase><testcase classname="fileSearcher.MatcherTests" name="Matcher with sub folder checking matching a root location with two subtree files matching should return a list with those file names" time="0.0">
                                                 
                                               </testcase>
                     <system-out></system-out>
                     <system-err></system-err>
                   </testsuite>